<?xml version="1.0" encoding="UTF-8"?>
<!-- Generated by org.testng.reporters.JUnitReportReporter -->
<testsuite skipped="0" hostname="DESKTOP-G2J1RLB" name="com.testcase.Ship_Test" tests="1" failures="0" timestamp="2020-03-10T23:21:26 IST" time="88.904" errors="0">
  <testcase name="f" time="88.904" classname="com.testcase.Ship_Test"/>
</testsuite> <!-- com.testcase.Ship_Test -->
